#
# There is insufficient memory for the Java Runtime Environment to continue.
# Native memory allocation (malloc) failed to allocate 293136 bytes for Chunk::new
# Possible reasons:
#   The system is out of physical RAM or swap space
#   The process is running with CompressedOops enabled, and the Java Heap may be blocking the growth of the native heap
# Possible solutions:
#   Reduce memory load on the system
#   Increase physical memory or swap space
#   Check if swap backing store is full
#   Decrease Java heap size (-Xmx/-Xms)
#   Decrease number of Java threads
#   Decrease Java thread stack sizes (-Xss)
#   Set larger code cache with -XX:ReservedCodeCacheSize=
#   JVM is running with Zero Based Compressed Oops mode in which the Java heap is
#     placed in the first 32GB address space. The Java Heap base address is the
#     maximum limit for the native heap growth. Please use -XX:HeapBaseMinAddress
#     to set the Java Heap base and to place the Java Heap above 32GB virtual address.
# This output file may be truncated or incomplete.
#
#  Out of Memory Error (t:/workspace/open/src/hotspot/share/memory/arena.cpp:197), pid=8580, tid=7184
#
# JRE version: OpenJDK Runtime Environment (11.0.1+13) (build 11.0.1+13)
# Java VM: OpenJDK 64-Bit Server VM (11.0.1+13, mixed mode, tiered, compressed oops, g1 gc, windows-amd64)
# No core dump will be written. Minidumps are not enabled by default on client versions of Windows
#

---------------  S U M M A R Y ------------

Command Line: -Dfile.encoding=UTF-8 com.nagarro.training.ProductCatalog.App

Host: Intel(R) Core(TM) i5-8365U CPU @ 1.60GHz, 8 cores, 15G,  Windows 10 , 64 bit Build 22000 (10.0.22000.708)
Time: Thu Oct 13 12:09:12 2022 India Standard Time elapsed time: 837 seconds (0d 0h 13m 57s)

---------------  T H R E A D  ---------------

Current thread (0x000001446d741800):  JavaThread "C2 CompilerThread0" daemon [_thread_in_native, id=7184, stack(0x0000000609e00000,0x0000000609f00000)]


Current CompileTask:
C2: 837425 8779       4       org.springframework.orm.jpa.support.OpenEntityManagerInViewInterceptor::decrementParticipateCount (61 bytes)

Stack: [0x0000000609e00000,0x0000000609f00000]
Native frames: (J=compiled Java code, j=interpreted, Vv=VM code, C=native code)
V  [jvm.dll+0x63ad9a]
V  [jvm.dll+0x77851f]
V  [jvm.dll+0x779b08]
V  [jvm.dll+0x77a1c3]
V  [jvm.dll+0x2624c8]
V  [jvm.dll+0xc5b61]
V  [jvm.dll+0xc60fc]
V  [jvm.dll+0x36e5f2]
V  [jvm.dll+0x33b413]
V  [jvm.dll+0x33a7ea]
V  [jvm.dll+0x21c365]
V  [jvm.dll+0x21b50a]
V  [jvm.dll+0x198400]
V  [jvm.dll+0x22a4ff]
V  [jvm.dll+0x228b18]
V  [jvm.dll+0x73dc2d]
V  [jvm.dll+0x639e32]
C  [ucrtbase.dll+0x26c0c]
C  [KERNEL32.DLL+0x154e0]
C  [ntdll.dll+0x485b]


---------------  P R O C E S S  ---------------

Threads class SMR info:
_java_thread_list=0x000001447209d640, length=30, elements={
0x000001446ce6e000, 0x000001446d729800, 0x000001446d73b800, 0x000001446d73c800,
0x000001446d741800, 0x000001446d7d6000, 0x000001446d7d8000, 0x000001446d8ef800,
0x000001446d901000, 0x0000014473f4f800, 0x000001446f200000, 0x000001447069f800,
0x00000144744f0800, 0x0000014471c2e000, 0x0000014473a09800, 0x0000014473c3e800,
0x0000014472695000, 0x0000014471cbd000, 0x0000014471cbb800, 0x0000014471cb8800,
0x0000014471cbe000, 0x0000014471cb9000, 0x0000014471cbf000, 0x0000014471cba000,
0x0000014471cba800, 0x0000014471cbc800, 0x00000144750b2000, 0x00000144750b4800,
0x00000144749ba800, 0x000001447340d800
}

Java Threads: ( => current thread )
  0x000001446ce6e000 JavaThread "Reference Handler" daemon [_thread_blocked, id=3984, stack(0x0000000609a00000,0x0000000609b00000)]
  0x000001446d729800 JavaThread "Finalizer" daemon [_thread_blocked, id=17156, stack(0x0000000609b00000,0x0000000609c00000)]
  0x000001446d73b800 JavaThread "Signal Dispatcher" daemon [_thread_blocked, id=11504, stack(0x0000000609c00000,0x0000000609d00000)]
  0x000001446d73c800 JavaThread "Attach Listener" daemon [_thread_blocked, id=3328, stack(0x0000000609d00000,0x0000000609e00000)]
=>0x000001446d741800 JavaThread "C2 CompilerThread0" daemon [_thread_in_native, id=7184, stack(0x0000000609e00000,0x0000000609f00000)]
  0x000001446d7d6000 JavaThread "C1 CompilerThread0" daemon [_thread_blocked, id=4840, stack(0x0000000609f00000,0x000000060a000000)]
  0x000001446d7d8000 JavaThread "Sweeper thread" daemon [_thread_blocked, id=4396, stack(0x000000060a000000,0x000000060a100000)]
  0x000001446d8ef800 JavaThread "Service Thread" daemon [_thread_blocked, id=2456, stack(0x000000060a100000,0x000000060a200000)]
  0x000001446d901000 JavaThread "Common-Cleaner" daemon [_thread_blocked, id=19144, stack(0x000000060a300000,0x000000060a400000)]
  0x0000014473f4f800 JavaThread "Catalina-utility-1" [_thread_blocked, id=9560, stack(0x000000060ac00000,0x000000060ad00000)]
  0x000001446f200000 JavaThread "Catalina-utility-2" [_thread_blocked, id=14372, stack(0x000000060ad00000,0x000000060ae00000)]
  0x000001447069f800 JavaThread "container-0" [_thread_blocked, id=18732, stack(0x000000060ae00000,0x000000060af00000)]
  0x00000144744f0800 JavaThread "mysql-cj-abandoned-connection-cleanup" daemon [_thread_blocked, id=18448, stack(0x000000060af00000,0x000000060b000000)]
  0x0000014471c2e000 JavaThread "HikariPool-1 housekeeper" daemon [_thread_blocked, id=14412, stack(0x000000060b100000,0x000000060b200000)]
  0x0000014473a09800 JavaThread "http-nio-8081-exec-1" daemon [_thread_blocked, id=13840, stack(0x000000060b500000,0x000000060b600000)]
  0x0000014473c3e800 JavaThread "http-nio-8081-exec-2" daemon [_thread_blocked, id=18636, stack(0x000000060b600000,0x000000060b700000)]
  0x0000014472695000 JavaThread "http-nio-8081-exec-3" daemon [_thread_in_native, id=3296, stack(0x000000060b700000,0x000000060b800000)]
  0x0000014471cbd000 JavaThread "http-nio-8081-exec-4" daemon [_thread_blocked, id=9348, stack(0x000000060b800000,0x000000060b900000)]
  0x0000014471cbb800 JavaThread "http-nio-8081-exec-5" daemon [_thread_blocked, id=19124, stack(0x000000060b900000,0x000000060ba00000)]
  0x0000014471cb8800 JavaThread "http-nio-8081-exec-6" daemon [_thread_blocked, id=11600, stack(0x000000060ba00000,0x000000060bb00000)]
  0x0000014471cbe000 JavaThread "http-nio-8081-exec-7" daemon [_thread_in_vm, id=1096, stack(0x000000060bb00000,0x000000060bc00000)]
  0x0000014471cb9000 JavaThread "http-nio-8081-exec-8" daemon [_thread_blocked, id=13836, stack(0x000000060bc00000,0x000000060bd00000)]
  0x0000014471cbf000 JavaThread "http-nio-8081-exec-9" daemon [_thread_in_Java, id=13372, stack(0x000000060bd00000,0x000000060be00000)]
  0x0000014471cba000 JavaThread "http-nio-8081-exec-10" daemon [_thread_in_Java, id=16936, stack(0x000000060be00000,0x000000060bf00000)]
  0x0000014471cba800 JavaThread "http-nio-8081-Poller" daemon [_thread_in_native, id=2204, stack(0x000000060bf00000,0x000000060c000000)]
  0x0000014471cbc800 JavaThread "http-nio-8081-Acceptor" daemon [_thread_in_native, id=3552, stack(0x000000060c000000,0x000000060c100000)]
  0x00000144750b2000 JavaThread "DestroyJavaVM" [_thread_blocked, id=18556, stack(0x0000000609300000,0x0000000609400000)]
  0x00000144750b4800 JavaThread "HikariPool-1 connection adder" daemon [_thread_blocked, id=18748, stack(0x0000000609100000,0x0000000609200000)]
  0x00000144749ba800 JavaThread "C2 CompilerThread1" daemon [_thread_in_native, id=19660, stack(0x0000000609000000,0x0000000609100000)]
  0x000001447340d800 JavaThread "C2 CompilerThread2" daemon [_thread_in_native, id=20092, stack(0x0000000609200000,0x0000000609300000)]

Other Threads:
  0x000001446ce69800 VMThread "VM Thread" [stack: 0x0000000609900000,0x0000000609a00000] [id=8388]
  0x000001446d8f1000 WatcherThread [stack: 0x000000060a200000,0x000000060a300000] [id=16620]
  0x0000014449673800 GCTaskThread "GC Thread#0" [stack: 0x0000000609400000,0x0000000609500000] [id=9296]
  0x000001446e535800 GCTaskThread "GC Thread#1" [stack: 0x000000060a500000,0x000000060a600000] [id=17292]
  0x000001446e19e800 GCTaskThread "GC Thread#2" [stack: 0x000000060a600000,0x000000060a700000] [id=1824]
  0x000001446e19f000 GCTaskThread "GC Thread#3" [stack: 0x000000060a700000,0x000000060a800000] [id=7928]
  0x000001446e695800 GCTaskThread "GC Thread#4" [stack: 0x000000060a800000,0x000000060a900000] [id=14368]
  0x000001446e696800 GCTaskThread "GC Thread#5" [stack: 0x000000060a900000,0x000000060aa00000] [id=4320]
  0x000001446eacd800 GCTaskThread "GC Thread#6" [stack: 0x000000060b300000,0x000000060b400000] [id=6504]
  0x0000014474702800 GCTaskThread "GC Thread#7" [stack: 0x000000060b400000,0x000000060b500000] [id=9688]
  0x00000144496cd800 ConcurrentGCThread "G1 Main Marker" [stack: 0x0000000609500000,0x0000000609600000] [id=9312]
  0x00000144496cf800 ConcurrentGCThread "G1 Conc#0" [stack: 0x0000000609600000,0x0000000609700000] [id=16080]
  0x000001446e763000 ConcurrentGCThread "G1 Conc#1" [stack: 0x000000060ab00000,0x000000060ac00000] [id=16588]
  0x000001446cd52800 ConcurrentGCThread "G1 Refine#0" [stack: 0x0000000609700000,0x0000000609800000] [id=18840]
  0x000001446cd59000 ConcurrentGCThread "G1 Young RemSet Sampling" [stack: 0x0000000609800000,0x0000000609900000] [id=964]

Threads with active compile tasks:
C2 CompilerThread08779       4       org.springframework.orm.jpa.support.OpenEntityManagerInViewInterceptor::decrementParticipateCount (61 bytes)
C2 CompilerThread18765   !   4       org.apache.catalina.core.StandardWrapperValve::invoke (2665 bytes)
C2 CompilerThread28775   !   4       org.apache.catalina.core.StandardHostValve::invoke (396 bytes)

VM state:not at safepoint (normal execution)

VM Mutex/Monitor currently owned by a thread: None

Heap address: 0x0000000702e00000, size: 4050 MB, Compressed Oops mode: Zero based, Oop shift amount: 3
Narrow klass base: 0x0000000800000000, Narrow klass shift: 0
Compressed class space size: 1073741824 Address: 0x0000000800000000

Heap:
 garbage-first heap   total 312320K, used 123980K [0x0000000702e00000, 0x0000000800000000)
  region size 1024K, 110 young (112640K), 13 survivors (13312K)
 Metaspace       used 71386K, capacity 73168K, committed 73472K, reserved 1114112K
  class space    used 8697K, capacity 9408K, committed 9472K, reserved 1048576K
Heap Regions: E=young(eden), S=young(survivor), O=old, HS=humongous(starts), HC=humongous(continues), CS=collection set, F=free, A=archive, TAMS=top-at-mark-start (previous, next)
|   0|0x0000000702e00000, 0x0000000702f00000, 0x0000000702f00000|100%|HS|  |TAMS 0x0000000702f00000, 0x0000000702e00000| Complete 
|   1|0x0000000702f00000, 0x0000000703000000, 0x0000000703000000|100%| O|  |TAMS 0x0000000703000000, 0x0000000702f00000| Untracked 
|   2|0x0000000703000000, 0x0000000703100000, 0x0000000703100000|100%| O|  |TAMS 0x0000000703100000, 0x0000000703000000| Untracked 
|   3|0x0000000703100000, 0x0000000703200000, 0x0000000703200000|100%| O|  |TAMS 0x0000000703200000, 0x0000000703100000| Untracked 
|   4|0x0000000703200000, 0x0000000703300000, 0x0000000703300000|100%| O|  |TAMS 0x0000000703300000, 0x0000000703200000| Untracked 
|   5|0x0000000703300000, 0x0000000703400000, 0x0000000703400000|100%| O|  |TAMS 0x0000000703400000, 0x0000000703300000| Untracked 
|   6|0x0000000703400000, 0x0000000703500000, 0x0000000703500000|100%| O|  |TAMS 0x0000000703500000, 0x0000000703400000| Untracked 
|   7|0x0000000703500000, 0x0000000703600000, 0x0000000703600000|100%| O|  |TAMS 0x0000000703577400, 0x0000000703500000| Untracked 
|   8|0x0000000703600000, 0x0000000703700000, 0x0000000703700000|100%| O|  |TAMS 0x0000000703600000, 0x0000000703600000| Untracked 
|   9|0x0000000703700000, 0x0000000703800000, 0x0000000703800000|100%| O|  |TAMS 0x0000000703700000, 0x0000000703700000| Untracked 
|  10|0x0000000703800000, 0x0000000703900000, 0x0000000703900000|100%| O|  |TAMS 0x0000000703800000, 0x0000000703800000| Untracked 
|  11|0x0000000703900000, 0x0000000703a00000, 0x0000000703a00000|100%| O|  |TAMS 0x0000000703900000, 0x0000000703900000| Untracked 
|  12|0x0000000703a00000, 0x0000000703a84600, 0x0000000703b00000| 51%| O|  |TAMS 0x0000000703a00000, 0x0000000703a00000| Untracked 
|  13|0x0000000703b00000, 0x0000000703b00000, 0x0000000703c00000|  0%| F|  |TAMS 0x0000000703b00000, 0x0000000703b00000| Untracked 
|  14|0x0000000703c00000, 0x0000000703c00000, 0x0000000703d00000|  0%| F|  |TAMS 0x0000000703c00000, 0x0000000703c00000| Untracked 
|  15|0x0000000703d00000, 0x0000000703d00000, 0x0000000703e00000|  0%| F|  |TAMS 0x0000000703d00000, 0x0000000703d00000| Untracked 
|  16|0x0000000703e00000, 0x0000000703e00000, 0x0000000703f00000|  0%| F|  |TAMS 0x0000000703e00000, 0x0000000703e00000| Untracked 
|  17|0x0000000703f00000, 0x0000000703f00000, 0x0000000704000000|  0%| F|  |TAMS 0x0000000703f00000, 0x0000000703f00000| Untracked 
|  18|0x0000000704000000, 0x0000000704000000, 0x0000000704100000|  0%| F|  |TAMS 0x0000000704000000, 0x0000000704000000| Untracked 
|  19|0x0000000704100000, 0x0000000704100000, 0x0000000704200000|  0%| F|  |TAMS 0x0000000704100000, 0x0000000704100000| Untracked 
|  20|0x0000000704200000, 0x0000000704200000, 0x0000000704300000|  0%| F|  |TAMS 0x0000000704200000, 0x0000000704200000| Untracked 
|  21|0x0000000704300000, 0x0000000704300000, 0x0000000704400000|  0%| F|  |TAMS 0x0000000704300000, 0x0000000704300000| Untracked 
|  22|0x0000000704400000, 0x0000000704400000, 0x0000000704500000|  0%| F|  |TAMS 0x0000000704400000, 0x0000000704400000| Untracked 
|  23|0x0000000704500000, 0x0000000704500000, 0x0000000704600000|  0%| F|  |TAMS 0x0000000704500000, 0x0000000704500000| Untracked 
|  24|0x0000000704600000, 0x0000000704600000, 0x0000000704700000|  0%| F|  |TAMS 0x0000000704600000, 0x0000000704600000| Untracked 
|  25|0x0000000704700000, 0x0000000704700000, 0x0000000704800000|  0%| F|  |TAMS 0x0000000704700000, 0x0000000704700000| Untracked 
|  26|0x0000000704800000, 0x0000000704800000, 0x0000000704900000|  0%| F|  |TAMS 0x0000000704800000, 0x0000000704800000| Untracked 
|  27|0x0000000704900000, 0x0000000704900000, 0x0000000704a00000|  0%| F|  |TAMS 0x0000000704900000, 0x0000000704900000| Untracked 
|  28|0x0000000704a00000, 0x0000000704a00000, 0x0000000704b00000|  0%| F|  |TAMS 0x0000000704a00000, 0x0000000704a00000| Untracked 
|  29|0x0000000704b00000, 0x0000000704b00000, 0x0000000704c00000|  0%| F|  |TAMS 0x0000000704b00000, 0x0000000704b00000| Untracked 
|  30|0x0000000704c00000, 0x0000000704c00000, 0x0000000704d00000|  0%| F|  |TAMS 0x0000000704c00000, 0x0000000704c00000| Untracked 
|  31|0x0000000704d00000, 0x0000000704d00000, 0x0000000704e00000|  0%| F|  |TAMS 0x0000000704d00000, 0x0000000704d00000| Untracked 
|  32|0x0000000704e00000, 0x0000000704e00000, 0x0000000704f00000|  0%| F|  |TAMS 0x0000000704e00000, 0x0000000704e00000| Untracked 
|  33|0x0000000704f00000, 0x0000000704f00000, 0x0000000705000000|  0%| F|  |TAMS 0x0000000704f00000, 0x0000000704f00000| Untracked 
|  34|0x0000000705000000, 0x0000000705000000, 0x0000000705100000|  0%| F|  |TAMS 0x0000000705000000, 0x0000000705000000| Untracked 
|  35|0x0000000705100000, 0x0000000705100000, 0x0000000705200000|  0%| F|  |TAMS 0x0000000705100000, 0x0000000705100000| Untracked 
|  36|0x0000000705200000, 0x0000000705200000, 0x0000000705300000|  0%| F|  |TAMS 0x0000000705200000, 0x0000000705200000| Untracked 
|  37|0x0000000705300000, 0x0000000705300000, 0x0000000705400000|  0%| F|  |TAMS 0x0000000705300000, 0x0000000705300000| Untracked 
|  38|0x0000000705400000, 0x0000000705400000, 0x0000000705500000|  0%| F|  |TAMS 0x0000000705400000, 0x0000000705400000| Untracked 
|  39|0x0000000705500000, 0x0000000705500000, 0x0000000705600000|  0%| F|  |TAMS 0x0000000705500000, 0x0000000705500000| Untracked 
|  40|0x0000000705600000, 0x0000000705600000, 0x0000000705700000|  0%| F|  |TAMS 0x0000000705600000, 0x0000000705600000| Untracked 
|  41|0x0000000705700000, 0x0000000705700000, 0x0000000705800000|  0%| F|  |TAMS 0x0000000705700000, 0x0000000705700000| Untracked 
|  42|0x0000000705800000, 0x0000000705800000, 0x0000000705900000|  0%| F|  |TAMS 0x0000000705800000, 0x0000000705800000| Untracked 
|  43|0x0000000705900000, 0x0000000705900000, 0x0000000705a00000|  0%| F|  |TAMS 0x0000000705900000, 0x0000000705900000| Untracked 
|  44|0x0000000705a00000, 0x0000000705a00000, 0x0000000705b00000|  0%| F|  |TAMS 0x0000000705a00000, 0x0000000705a00000| Untracked 
|  45|0x0000000705b00000, 0x0000000705b00000, 0x0000000705c00000|  0%| F|  |TAMS 0x0000000705b00000, 0x0000000705b00000| Untracked 
|  46|0x0000000705c00000, 0x0000000705c00000, 0x0000000705d00000|  0%| F|  |TAMS 0x0000000705c00000, 0x0000000705c00000| Untracked 
|  47|0x0000000705d00000, 0x0000000705d00000, 0x0000000705e00000|  0%| F|  |TAMS 0x0000000705d00000, 0x0000000705d00000| Untracked 
|  48|0x0000000705e00000, 0x0000000705e00000, 0x0000000705f00000|  0%| F|  |TAMS 0x0000000705e00000, 0x0000000705e00000| Untracked 
|  49|0x0000000705f00000, 0x0000000705f00000, 0x0000000706000000|  0%| F|  |TAMS 0x0000000705f00000, 0x0000000705f00000| Untracked 
|  50|0x0000000706000000, 0x0000000706000000, 0x0000000706100000|  0%| F|  |TAMS 0x0000000706000000, 0x0000000706000000| Untracked 
|  51|0x0000000706100000, 0x0000000706100000, 0x0000000706200000|  0%| F|  |TAMS 0x0000000706100000, 0x0000000706100000| Untracked 
|  52|0x0000000706200000, 0x0000000706200000, 0x0000000706300000|  0%| F|  |TAMS 0x0000000706200000, 0x0000000706200000| Untracked 
|  53|0x0000000706300000, 0x0000000706300000, 0x0000000706400000|  0%| F|  |TAMS 0x0000000706300000, 0x0000000706300000| Untracked 
|  54|0x0000000706400000, 0x0000000706400000, 0x0000000706500000|  0%| F|  |TAMS 0x0000000706400000, 0x0000000706400000| Untracked 
|  55|0x0000000706500000, 0x0000000706500000, 0x0000000706600000|  0%| F|  |TAMS 0x0000000706500000, 0x0000000706500000| Untracked 
|  56|0x0000000706600000, 0x0000000706600000, 0x0000000706700000|  0%| F|  |TAMS 0x0000000706600000, 0x0000000706600000| Untracked 
|  57|0x0000000706700000, 0x0000000706700000, 0x0000000706800000|  0%| F|  |TAMS 0x0000000706700000, 0x0000000706700000| Untracked 
|  58|0x0000000706800000, 0x0000000706800000, 0x0000000706900000|  0%| F|  |TAMS 0x0000000706800000, 0x0000000706800000| Untracked 
|  59|0x0000000706900000, 0x0000000706900000, 0x0000000706a00000|  0%| F|  |TAMS 0x0000000706900000, 0x0000000706900000| Untracked 
|  60|0x0000000706a00000, 0x0000000706a00000, 0x0000000706b00000|  0%| F|  |TAMS 0x0000000706a00000, 0x0000000706a00000| Untracked 
|  61|0x0000000706b00000, 0x0000000706b00000, 0x0000000706c00000|  0%| F|  |TAMS 0x0000000706b00000, 0x0000000706b00000| Untracked 
|  62|0x0000000706c00000, 0x0000000706c00000, 0x0000000706d00000|  0%| F|  |TAMS 0x0000000706c00000, 0x0000000706c00000| Untracked 
|  63|0x0000000706d00000, 0x0000000706d00000, 0x0000000706e00000|  0%| F|  |TAMS 0x0000000706d00000, 0x0000000706d00000| Untracked 
|  64|0x0000000706e00000, 0x0000000706e00000, 0x0000000706f00000|  0%| F|  |TAMS 0x0000000706e00000, 0x0000000706e00000| Untracked 
|  65|0x0000000706f00000, 0x0000000706f00000, 0x0000000707000000|  0%| F|  |TAMS 0x0000000706f00000, 0x0000000706f00000| Untracked 
|  66|0x0000000707000000, 0x0000000707000000, 0x0000000707100000|  0%| F|  |TAMS 0x0000000707000000, 0x0000000707000000| Untracked 
|  67|0x0000000707100000, 0x0000000707100000, 0x0000000707200000|  0%| F|  |TAMS 0x0000000707100000, 0x0000000707100000| Untracked 
|  68|0x0000000707200000, 0x0000000707200000, 0x0000000707300000|  0%| F|  |TAMS 0x0000000707200000, 0x0000000707200000| Untracked 
|  69|0x0000000707300000, 0x0000000707300000, 0x0000000707400000|  0%| F|  |TAMS 0x0000000707300000, 0x0000000707300000| Untracked 
|  70|0x0000000707400000, 0x0000000707400000, 0x0000000707500000|  0%| F|  |TAMS 0x0000000707400000, 0x0000000707400000| Untracked 
|  71|0x0000000707500000, 0x0000000707500000, 0x0000000707600000|  0%| F|  |TAMS 0x0000000707500000, 0x0000000707500000| Untracked 
|  72|0x0000000707600000, 0x0000000707600000, 0x0000000707700000|  0%| F|  |TAMS 0x0000000707600000, 0x0000000707600000| Untracked 
|  73|0x0000000707700000, 0x0000000707700000, 0x0000000707800000|  0%| F|  |TAMS 0x0000000707700000, 0x0000000707700000| Untracked 
|  74|0x0000000707800000, 0x0000000707800000, 0x0000000707900000|  0%| F|  |TAMS 0x0000000707800000, 0x0000000707800000| Untracked 
|  75|0x0000000707900000, 0x0000000707900000, 0x0000000707a00000|  0%| F|  |TAMS 0x0000000707900000, 0x0000000707900000| Untracked 
|  76|0x0000000707a00000, 0x0000000707a00000, 0x0000000707b00000|  0%| F|  |TAMS 0x0000000707a00000, 0x0000000707a00000| Untracked 
|  77|0x0000000707b00000, 0x0000000707b00000, 0x0000000707c00000|  0%| F|  |TAMS 0x0000000707b00000, 0x0000000707b00000| Untracked 
|  78|0x0000000707c00000, 0x0000000707c00000, 0x0000000707d00000|  0%| F|  |TAMS 0x0000000707c00000, 0x0000000707c00000| Untracked 
|  79|0x0000000707d00000, 0x0000000707d00000, 0x0000000707e00000|  0%| F|  |TAMS 0x0000000707d00000, 0x0000000707d00000| Untracked 
|  80|0x0000000707e00000, 0x0000000707e00000, 0x0000000707f00000|  0%| F|  |TAMS 0x0000000707e00000, 0x0000000707e00000| Untracked 
|  81|0x0000000707f00000, 0x0000000707f00000, 0x0000000708000000|  0%| F|  |TAMS 0x0000000707f00000, 0x0000000707f00000| Untracked 
|  82|0x0000000708000000, 0x0000000708000000, 0x0000000708100000|  0%| F|  |TAMS 0x0000000708000000, 0x0000000708000000| Untracked 
|  83|0x0000000708100000, 0x0000000708100000, 0x0000000708200000|  0%| F|  |TAMS 0x0000000708100000, 0x0000000708100000| Untracked 
|  84|0x0000000708200000, 0x0000000708200000, 0x0000000708300000|  0%| F|  |TAMS 0x0000000708200000, 0x0000000708200000| Untracked 
|  85|0x0000000708300000, 0x0000000708300000, 0x0000000708400000|  0%| F|  |TAMS 0x0000000708300000, 0x0000000708300000| Untracked 
|  86|0x0000000708400000, 0x0000000708400000, 0x0000000708500000|  0%| F|  |TAMS 0x0000000708400000, 0x0000000708400000| Untracked 
|  87|0x0000000708500000, 0x0000000708500000, 0x0000000708600000|  0%| F|  |TAMS 0x0000000708500000, 0x0000000708500000| Untracked 
|  88|0x0000000708600000, 0x0000000708600000, 0x0000000708700000|  0%| F|  |TAMS 0x0000000708600000, 0x0000000708600000| Untracked 
|  89|0x0000000708700000, 0x0000000708700000, 0x0000000708800000|  0%| F|  |TAMS 0x0000000708700000, 0x0000000708700000| Untracked 
|  90|0x0000000708800000, 0x0000000708800000, 0x0000000708900000|  0%| F|  |TAMS 0x0000000708800000, 0x0000000708800000| Untracked 
|  91|0x0000000708900000, 0x0000000708900000, 0x0000000708a00000|  0%| F|  |TAMS 0x0000000708900000, 0x0000000708900000| Untracked 
|  92|0x0000000708a00000, 0x0000000708a00000, 0x0000000708b00000|  0%| F|  |TAMS 0x0000000708a00000, 0x0000000708a00000| Untracked 
|  93|0x0000000708b00000, 0x0000000708b00000, 0x0000000708c00000|  0%| F|  |TAMS 0x0000000708b00000, 0x0000000708b00000| Untracked 
|  94|0x0000000708c00000, 0x0000000708c00000, 0x0000000708d00000|  0%| F|  |TAMS 0x0000000708c00000, 0x0000000708c00000| Untracked 
|  95|0x0000000708d00000, 0x0000000708d00000, 0x0000000708e00000|  0%| F|  |TAMS 0x0000000708d00000, 0x0000000708d00000| Untracked 
|  96|0x0000000708e00000, 0x0000000708e00000, 0x0000000708f00000|  0%| F|  |TAMS 0x0000000708e00000, 0x0000000708e00000| Untracked 
|  97|0x0000000708f00000, 0x0000000708f00000, 0x0000000709000000|  0%| F|  |TAMS 0x0000000708f00000, 0x0000000708f00000| Untracked 
|  98|0x0000000709000000, 0x0000000709000000, 0x0000000709100000|  0%| F|  |TAMS 0x0000000709000000, 0x0000000709000000| Untracked 
|  99|0x0000000709100000, 0x0000000709100000, 0x0000000709200000|  0%| F|  |TAMS 0x0000000709100000, 0x0000000709100000| Untracked 
| 100|0x0000000709200000, 0x0000000709200000, 0x0000000709300000|  0%| F|  |TAMS 0x0000000709200000, 0x0000000709200000| Untracked 
| 101|0x0000000709300000, 0x0000000709300000, 0x0000000709400000|  0%| F|  |TAMS 0x0000000709300000, 0x0000000709300000| Untracked 
| 102|0x0000000709400000, 0x0000000709400000, 0x0000000709500000|  0%| F|  |TAMS 0x0000000709400000, 0x0000000709400000| Untracked 
| 103|0x0000000709500000, 0x0000000709500000, 0x0000000709600000|  0%| F|  |TAMS 0x0000000709500000, 0x0000000709500000| Untracked 
| 104|0x0000000709600000, 0x0000000709600000, 0x0000000709700000|  0%| F|  |TAMS 0x0000000709600000, 0x0000000709600000| Untracked 
| 105|0x0000000709700000, 0x0000000709700000, 0x0000000709800000|  0%| F|  |TAMS 0x0000000709700000, 0x0000000709700000| Untracked 
| 106|0x0000000709800000, 0x0000000709800000, 0x0000000709900000|  0%| F|  |TAMS 0x0000000709800000, 0x0000000709800000| Untracked 
| 107|0x0000000709900000, 0x0000000709900000, 0x0000000709a00000|  0%| F|  |TAMS 0x0000000709900000, 0x0000000709900000| Untracked 
| 108|0x0000000709a00000, 0x0000000709a00000, 0x0000000709b00000|  0%| F|  |TAMS 0x0000000709a00000, 0x0000000709a00000| Untracked 
| 109|0x0000000709b00000, 0x0000000709b00000, 0x0000000709c00000|  0%| F|  |TAMS 0x0000000709b00000, 0x0000000709b00000| Untracked 
| 110|0x0000000709c00000, 0x0000000709c00000, 0x0000000709d00000|  0%| F|  |TAMS 0x0000000709c00000, 0x0000000709c00000| Untracked 
| 111|0x0000000709d00000, 0x0000000709d00000, 0x0000000709e00000|  0%| F|  |TAMS 0x0000000709d00000, 0x0000000709d00000| Untracked 
| 112|0x0000000709e00000, 0x0000000709e00000, 0x0000000709f00000|  0%| F|  |TAMS 0x0000000709e00000, 0x0000000709e00000| Untracked 
| 113|0x0000000709f00000, 0x0000000709f00000, 0x000000070a000000|  0%| F|  |TAMS 0x0000000709f00000, 0x0000000709f00000| Untracked 
| 114|0x000000070a000000, 0x000000070a000000, 0x000000070a100000|  0%| F|  |TAMS 0x000000070a000000, 0x000000070a000000| Untracked 
| 115|0x000000070a100000, 0x000000070a100000, 0x000000070a200000|  0%| F|  |TAMS 0x000000070a100000, 0x000000070a100000| Untracked 
| 116|0x000000070a200000, 0x000000070a200000, 0x000000070a300000|  0%| F|  |TAMS 0x000000070a200000, 0x000000070a200000| Untracked 
| 117|0x000000070a300000, 0x000000070a300000, 0x000000070a400000|  0%| F|  |TAMS 0x000000070a300000, 0x000000070a300000| Untracked 
| 118|0x000000070a400000, 0x000000070a400000, 0x000000070a500000|  0%| F|  |TAMS 0x000000070a400000, 0x000000070a400000| Untracked 
| 119|0x000000070a500000, 0x000000070a500000, 0x000000070a600000|  0%| F|  |TAMS 0x000000070a500000, 0x000000070a500000| Untracked 
| 120|0x000000070a600000, 0x000000070a600000, 0x000000070a700000|  0%| F|  |TAMS 0x000000070a600000, 0x000000070a600000| Untracked 
| 121|0x000000070a700000, 0x000000070a700000, 0x000000070a800000|  0%| F|  |TAMS 0x000000070a700000, 0x000000070a700000| Untracked 
| 122|0x000000070a800000, 0x000000070a88ed10, 0x000000070a900000| 55%| S|CS|TAMS 0x000000070a800000, 0x000000070a800000| Complete 
| 123|0x000000070a900000, 0x000000070aa00000, 0x000000070aa00000|100%| S|CS|TAMS 0x000000070a900000, 0x000000070a900000| Complete 
| 124|0x000000070aa00000, 0x000000070ab00000, 0x000000070ab00000|100%| S|CS|TAMS 0x000000070aa00000, 0x000000070aa00000| Complete 
| 125|0x000000070ab00000, 0x000000070ac00000, 0x000000070ac00000|100%| S|CS|TAMS 0x000000070ab00000, 0x000000070ab00000| Complete 
| 126|0x000000070ac00000, 0x000000070ad00000, 0x000000070ad00000|100%| S|CS|TAMS 0x000000070ac00000, 0x000000070ac00000| Complete 
| 127|0x000000070ad00000, 0x000000070ae00000, 0x000000070ae00000|100%| S|CS|TAMS 0x000000070ad00000, 0x000000070ad00000| Complete 
| 128|0x000000070ae00000, 0x000000070af00000, 0x000000070af00000|100%| S|CS|TAMS 0x000000070ae00000, 0x000000070ae00000| Complete 
| 129|0x000000070af00000, 0x000000070b000000, 0x000000070b000000|100%| S|CS|TAMS 0x000000070af00000, 0x000000070af00000| Complete 
| 130|0x000000070b000000, 0x000000070b100000, 0x000000070b100000|100%| S|CS|TAMS 0x000000070b000000, 0x000000070b000000| Complete 
| 131|0x000000070b100000, 0x000000070b200000, 0x000000070b200000|100%| S|CS|TAMS 0x000000070b100000, 0x000000070b100000| Complete 
| 132|0x000000070b200000, 0x000000070b300000, 0x000000070b300000|100%| S|CS|TAMS 0x000000070b200000, 0x000000070b200000| Complete 
| 133|0x000000070b300000, 0x000000070b400000, 0x000000070b400000|100%| S|CS|TAMS 0x000000070b300000, 0x000000070b300000| Complete 
| 134|0x000000070b400000, 0x000000070b500000, 0x000000070b500000|100%| S|CS|TAMS 0x000000070b400000, 0x000000070b400000| Complete 
| 135|0x000000070b500000, 0x000000070b500000, 0x000000070b600000|  0%| F|  |TAMS 0x000000070b500000, 0x000000070b500000| Untracked 
| 136|0x000000070b600000, 0x000000070b600000, 0x000000070b700000|  0%| F|  |TAMS 0x000000070b600000, 0x000000070b600000| Untracked 
| 137|0x000000070b700000, 0x000000070b700000, 0x000000070b800000|  0%| F|  |TAMS 0x000000070b700000, 0x000000070b700000| Untracked 
| 138|0x000000070b800000, 0x000000070b800000, 0x000000070b900000|  0%| F|  |TAMS 0x000000070b800000, 0x000000070b800000| Untracked 
| 139|0x000000070b900000, 0x000000070b900000, 0x000000070ba00000|  0%| F|  |TAMS 0x000000070b900000, 0x000000070b900000| Untracked 
| 140|0x000000070ba00000, 0x000000070ba00000, 0x000000070bb00000|  0%| F|  |TAMS 0x000000070ba00000, 0x000000070ba00000| Untracked 
| 141|0x000000070bb00000, 0x000000070bb00000, 0x000000070bc00000|  0%| F|  |TAMS 0x000000070bb00000, 0x000000070bb00000| Untracked 
| 142|0x000000070bc00000, 0x000000070bc00000, 0x000000070bd00000|  0%| F|  |TAMS 0x000000070bc00000, 0x000000070bc00000| Untracked 
| 143|0x000000070bd00000, 0x000000070bd00000, 0x000000070be00000|  0%| F|  |TAMS 0x000000070bd00000, 0x000000070bd00000| Untracked 
| 144|0x000000070be00000, 0x000000070be00000, 0x000000070bf00000|  0%| F|  |TAMS 0x000000070be00000, 0x000000070be00000| Untracked 
| 145|0x000000070bf00000, 0x000000070bf00000, 0x000000070c000000|  0%| F|  |TAMS 0x000000070bf00000, 0x000000070bf00000| Untracked 
| 146|0x000000070c000000, 0x000000070c000000, 0x000000070c100000|  0%| F|  |TAMS 0x000000070c000000, 0x000000070c000000| Untracked 
| 147|0x000000070c100000, 0x000000070c100000, 0x000000070c200000|  0%| F|  |TAMS 0x000000070c100000, 0x000000070c100000| Untracked 
| 148|0x000000070c200000, 0x000000070c200000, 0x000000070c300000|  0%| F|  |TAMS 0x000000070c200000, 0x000000070c200000| Untracked 
| 149|0x000000070c300000, 0x000000070c300000, 0x000000070c400000|  0%| F|  |TAMS 0x000000070c300000, 0x000000070c300000| Untracked 
| 150|0x000000070c400000, 0x000000070c400000, 0x000000070c500000|  0%| F|  |TAMS 0x000000070c400000, 0x000000070c400000| Untracked 
| 151|0x000000070c500000, 0x000000070c500000, 0x000000070c600000|  0%| F|  |TAMS 0x000000070c500000, 0x000000070c500000| Untracked 
| 152|0x000000070c600000, 0x000000070c600000, 0x000000070c700000|  0%| F|  |TAMS 0x000000070c600000, 0x000000070c600000| Untracked 
| 153|0x000000070c700000, 0x000000070c700000, 0x000000070c800000|  0%| F|  |TAMS 0x000000070c700000, 0x000000070c700000| Untracked 
| 154|0x000000070c800000, 0x000000070c800000, 0x000000070c900000|  0%| F|  |TAMS 0x000000070c800000, 0x000000070c800000| Untracked 
| 155|0x000000070c900000, 0x000000070c900000, 0x000000070ca00000|  0%| F|  |TAMS 0x000000070c900000, 0x000000070c900000| Untracked 
| 156|0x000000070ca00000, 0x000000070ca00000, 0x000000070cb00000|  0%| F|  |TAMS 0x000000070ca00000, 0x000000070ca00000| Untracked 
| 157|0x000000070cb00000, 0x000000070cb00000, 0x000000070cc00000|  0%| F|  |TAMS 0x000000070cb00000, 0x000000070cb00000| Untracked 
| 158|0x000000070cc00000, 0x000000070cc00000, 0x000000070cd00000|  0%| F|  |TAMS 0x000000070cc00000, 0x000000070cc00000| Untracked 
| 159|0x000000070cd00000, 0x000000070cd00000, 0x000000070ce00000|  0%| F|  |TAMS 0x000000070cd00000, 0x000000070cd00000| Untracked 
| 160|0x000000070ce00000, 0x000000070ce00000, 0x000000070cf00000|  0%| F|  |TAMS 0x000000070ce00000, 0x000000070ce00000| Untracked 
| 161|0x000000070cf00000, 0x000000070cf00000, 0x000000070d000000|  0%| F|  |TAMS 0x000000070cf00000, 0x000000070cf00000| Untracked 
| 162|0x000000070d000000, 0x000000070d000000, 0x000000070d100000|  0%| F|  |TAMS 0x000000070d000000, 0x000000070d000000| Untracked 
| 163|0x000000070d100000, 0x000000070d100000, 0x000000070d200000|  0%| F|  |TAMS 0x000000070d100000, 0x000000070d100000| Untracked 
| 164|0x000000070d200000, 0x000000070d200000, 0x000000070d300000|  0%| F|  |TAMS 0x000000070d200000, 0x000000070d200000| Untracked 
| 165|0x000000070d300000, 0x000000070d300000, 0x000000070d400000|  0%| F|  |TAMS 0x000000070d300000, 0x000000070d300000| Untracked 
| 166|0x000000070d400000, 0x000000070d400000, 0x000000070d500000|  0%| F|  |TAMS 0x000000070d400000, 0x000000070d400000| Untracked 
| 167|0x000000070d500000, 0x000000070d500000, 0x000000070d600000|  0%| F|  |TAMS 0x000000070d500000, 0x000000070d500000| Untracked 
| 168|0x000000070d600000, 0x000000070d600000, 0x000000070d700000|  0%| F|  |TAMS 0x000000070d600000, 0x000000070d600000| Untracked 
| 169|0x000000070d700000, 0x000000070d700000, 0x000000070d800000|  0%| F|  |TAMS 0x000000070d700000, 0x000000070d700000| Untracked 
| 170|0x000000070d800000, 0x000000070d800000, 0x000000070d900000|  0%| F|  |TAMS 0x000000070d800000, 0x000000070d800000| Untracked 
| 171|0x000000070d900000, 0x000000070d900000, 0x000000070da00000|  0%| F|  |TAMS 0x000000070d900000, 0x000000070d900000| Untracked 
| 172|0x000000070da00000, 0x000000070da00000, 0x000000070db00000|  0%| F|  |TAMS 0x000000070da00000, 0x000000070da00000| Untracked 
| 173|0x000000070db00000, 0x000000070db00000, 0x000000070dc00000|  0%| F|  |TAMS 0x000000070db00000, 0x000000070db00000| Untracked 
| 174|0x000000070dc00000, 0x000000070dc00000, 0x000000070dd00000|  0%| F|  |TAMS 0x000000070dc00000, 0x000000070dc00000| Untracked 
| 175|0x000000070dd00000, 0x000000070dd00000, 0x000000070de00000|  0%| F|  |TAMS 0x000000070dd00000, 0x000000070dd00000| Untracked 
| 176|0x000000070de00000, 0x000000070de00000, 0x000000070df00000|  0%| F|  |TAMS 0x000000070de00000, 0x000000070de00000| Untracked 
| 177|0x000000070df00000, 0x000000070df00000, 0x000000070e000000|  0%| F|  |TAMS 0x000000070df00000, 0x000000070df00000| Untracked 
| 178|0x000000070e000000, 0x000000070e000000, 0x000000070e100000|  0%| F|  |TAMS 0x000000070e000000, 0x000000070e000000| Untracked 
| 179|0x000000070e100000, 0x000000070e100000, 0x000000070e200000|  0%| F|  |TAMS 0x000000070e100000, 0x000000070e100000| Untracked 
| 180|0x000000070e200000, 0x000000070e200000, 0x000000070e300000|  0%| F|  |TAMS 0x000000070e200000, 0x000000070e200000| Untracked 
| 181|0x000000070e300000, 0x000000070e300000, 0x000000070e400000|  0%| F|  |TAMS 0x000000070e300000, 0x000000070e300000| Untracked 
| 182|0x000000070e400000, 0x000000070e400000, 0x000000070e500000|  0%| F|  |TAMS 0x000000070e400000, 0x000000070e400000| Untracked 
| 183|0x000000070e500000, 0x000000070e500000, 0x000000070e600000|  0%| F|  |TAMS 0x000000070e500000, 0x000000070e500000| Untracked 
| 184|0x000000070e600000, 0x000000070e600000, 0x000000070e700000|  0%| F|  |TAMS 0x000000070e600000, 0x000000070e600000| Untracked 
| 185|0x000000070e700000, 0x000000070e700000, 0x000000070e800000|  0%| F|  |TAMS 0x000000070e700000, 0x000000070e700000| Untracked 
| 186|0x000000070e800000, 0x000000070e800000, 0x000000070e900000|  0%| F|  |TAMS 0x000000070e800000, 0x000000070e800000| Untracked 
| 187|0x000000070e900000, 0x000000070e900000, 0x000000070ea00000|  0%| F|  |TAMS 0x000000070e900000, 0x000000070e900000| Untracked 
| 188|0x000000070ea00000, 0x000000070ea00000, 0x000000070eb00000|  0%| F|  |TAMS 0x000000070ea00000, 0x000000070ea00000| Untracked 
| 189|0x000000070eb00000, 0x000000070eb00000, 0x000000070ec00000|  0%| F|  |TAMS 0x000000070eb00000, 0x000000070eb00000| Untracked 
| 190|0x000000070ec00000, 0x000000070ec00000, 0x000000070ed00000|  0%| F|  |TAMS 0x000000070ec00000, 0x000000070ec00000| Untracked 
| 191|0x000000070ed00000, 0x000000070ed00000, 0x000000070ee00000|  0%| F|  |TAMS 0x000000070ed00000, 0x000000070ed00000| Untracked 
| 192|0x000000070ee00000, 0x000000070ee00000, 0x000000070ef00000|  0%| F|  |TAMS 0x000000070ee00000, 0x000000070ee00000| Untracked 
| 193|0x000000070ef00000, 0x000000070ef00000, 0x000000070f000000|  0%| F|  |TAMS 0x000000070ef00000, 0x000000070ef00000| Untracked 
| 194|0x000000070f000000, 0x000000070f000000, 0x000000070f100000|  0%| F|  |TAMS 0x000000070f000000, 0x000000070f000000| Untracked 
| 195|0x000000070f100000, 0x000000070f100000, 0x000000070f200000|  0%| F|  |TAMS 0x000000070f100000, 0x000000070f100000| Untracked 
| 196|0x000000070f200000, 0x000000070f200000, 0x000000070f300000|  0%| F|  |TAMS 0x000000070f200000, 0x000000070f200000| Untracked 
| 197|0x000000070f300000, 0x000000070f300000, 0x000000070f400000|  0%| F|  |TAMS 0x000000070f300000, 0x000000070f300000| Untracked 
| 198|0x000000070f400000, 0x000000070f400000, 0x000000070f500000|  0%| F|  |TAMS 0x000000070f400000, 0x000000070f400000| Untracked 
| 199|0x000000070f500000, 0x000000070f500000, 0x000000070f600000|  0%| F|  |TAMS 0x000000070f500000, 0x000000070f500000| Untracked 
| 200|0x000000070f600000, 0x000000070f600000, 0x000000070f700000|  0%| F|  |TAMS 0x000000070f600000, 0x000000070f600000| Untracked 
| 201|0x000000070f700000, 0x000000070f700000, 0x000000070f800000|  0%| F|  |TAMS 0x000000070f700000, 0x000000070f700000| Untracked 
| 202|0x000000070f800000, 0x000000070f800000, 0x000000070f900000|  0%| F|  |TAMS 0x000000070f800000, 0x000000070f800000| Untracked 
| 203|0x000000070f900000, 0x000000070f900000, 0x000000070fa00000|  0%| F|  |TAMS 0x000000070f900000, 0x000000070f900000| Untracked 
| 204|0x000000070fa00000, 0x000000070fa00000, 0x000000070fb00000|  0%| F|  |TAMS 0x000000070fa00000, 0x000000070fa00000| Untracked 
| 205|0x000000070fb00000, 0x000000070fb00000, 0x000000070fc00000|  0%| F|  |TAMS 0x000000070fb00000, 0x000000070fb00000| Untracked 
| 206|0x000000070fc00000, 0x000000070fc00000, 0x000000070fd00000|  0%| F|  |TAMS 0x000000070fc00000, 0x000000070fc00000| Untracked 
| 207|0x000000070fd00000, 0x000000070fdae360, 0x000000070fe00000| 68%| E|  |TAMS 0x000000070fd00000, 0x000000070fd00000| Complete 
| 208|0x000000070fe00000, 0x000000070ff00000, 0x000000070ff00000|100%| E|CS|TAMS 0x000000070fe00000, 0x000000070fe00000| Complete 
| 209|0x000000070ff00000, 0x0000000710000000, 0x0000000710000000|100%| E|CS|TAMS 0x000000070ff00000, 0x000000070ff00000| Complete 
| 210|0x0000000710000000, 0x0000000710100000, 0x0000000710100000|100%| E|CS|TAMS 0x0000000710000000, 0x0000000710000000| Complete 
| 211|0x0000000710100000, 0x0000000710200000, 0x0000000710200000|100%| E|CS|TAMS 0x0000000710100000, 0x0000000710100000| Complete 
| 212|0x0000000710200000, 0x0000000710300000, 0x0000000710300000|100%| E|CS|TAMS 0x0000000710200000, 0x0000000710200000| Complete 
| 213|0x0000000710300000, 0x0000000710400000, 0x0000000710400000|100%| E|CS|TAMS 0x0000000710300000, 0x0000000710300000| Complete 
| 214|0x0000000710400000, 0x0000000710500000, 0x0000000710500000|100%| E|CS|TAMS 0x0000000710400000, 0x0000000710400000| Complete 
| 215|0x0000000710500000, 0x0000000710600000, 0x0000000710600000|100%| E|CS|TAMS 0x0000000710500000, 0x0000000710500000| Complete 
| 216|0x0000000710600000, 0x0000000710700000, 0x0000000710700000|100%| E|CS|TAMS 0x0000000710600000, 0x0000000710600000| Complete 
| 217|0x0000000710700000, 0x0000000710800000, 0x0000000710800000|100%| E|CS|TAMS 0x0000000710700000, 0x0000000710700000| Complete 
| 218|0x0000000710800000, 0x0000000710900000, 0x0000000710900000|100%| E|CS|TAMS 0x0000000710800000, 0x0000000710800000| Complete 
| 219|0x0000000710900000, 0x0000000710a00000, 0x0000000710a00000|100%| E|CS|TAMS 0x0000000710900000, 0x0000000710900000| Complete 
| 220|0x0000000710a00000, 0x0000000710b00000, 0x0000000710b00000|100%| E|CS|TAMS 0x0000000710a00000, 0x0000000710a00000| Complete 
| 221|0x0000000710b00000, 0x0000000710c00000, 0x0000000710c00000|100%| E|CS|TAMS 0x0000000710b00000, 0x0000000710b00000| Complete 
| 222|0x0000000710c00000, 0x0000000710d00000, 0x0000000710d00000|100%| E|CS|TAMS 0x0000000710c00000, 0x0000000710c00000| Complete 
| 223|0x0000000710d00000, 0x0000000710e00000, 0x0000000710e00000|100%| E|CS|TAMS 0x0000000710d00000, 0x0000000710d00000| Complete 
| 224|0x0000000710e00000, 0x0000000710f00000, 0x0000000710f00000|100%| E|CS|TAMS 0x0000000710e00000, 0x0000000710e00000| Complete 
| 225|0x0000000710f00000, 0x0000000711000000, 0x0000000711000000|100%| E|CS|TAMS 0x0000000710f00000, 0x0000000710f00000| Complete 
| 226|0x0000000711000000, 0x0000000711100000, 0x0000000711100000|100%| E|CS|TAMS 0x0000000711000000, 0x0000000711000000| Complete 
| 227|0x0000000711100000, 0x0000000711200000, 0x0000000711200000|100%| E|CS|TAMS 0x0000000711100000, 0x0000000711100000| Complete 
| 228|0x0000000711200000, 0x0000000711300000, 0x0000000711300000|100%| E|CS|TAMS 0x0000000711200000, 0x0000000711200000| Complete 
| 229|0x0000000711300000, 0x0000000711400000, 0x0000000711400000|100%| E|CS|TAMS 0x0000000711300000, 0x0000000711300000| Complete 
| 230|0x0000000711400000, 0x0000000711500000, 0x0000000711500000|100%| E|CS|TAMS 0x0000000711400000, 0x0000000711400000| Complete 
| 231|0x0000000711500000, 0x0000000711600000, 0x0000000711600000|100%| E|CS|TAMS 0x0000000711500000, 0x0000000711500000| Complete 
| 232|0x0000000711600000, 0x0000000711700000, 0x0000000711700000|100%| E|CS|TAMS 0x0000000711600000, 0x0000000711600000| Complete 
| 233|0x0000000711700000, 0x0000000711800000, 0x0000000711800000|100%| E|CS|TAMS 0x0000000711700000, 0x0000000711700000| Complete 
| 234|0x0000000711800000, 0x0000000711900000, 0x0000000711900000|100%| E|CS|TAMS 0x0000000711800000, 0x0000000711800000| Complete 
| 235|0x0000000711900000, 0x0000000711a00000, 0x0000000711a00000|100%| E|CS|TAMS 0x0000000711900000, 0x0000000711900000| Complete 
| 236|0x0000000711a00000, 0x0000000711b00000, 0x0000000711b00000|100%| E|CS|TAMS 0x0000000711a00000, 0x0000000711a00000| Complete 
| 237|0x0000000711b00000, 0x0000000711c00000, 0x0000000711c00000|100%| E|CS|TAMS 0x0000000711b00000, 0x0000000711b00000| Complete 
| 238|0x0000000711c00000, 0x0000000711d00000, 0x0000000711d00000|100%| E|CS|TAMS 0x0000000711c00000, 0x0000000711c00000| Complete 
| 239|0x0000000711d00000, 0x0000000711e00000, 0x0000000711e00000|100%| E|CS|TAMS 0x0000000711d00000, 0x0000000711d00000| Complete 
| 240|0x0000000711e00000, 0x0000000711f00000, 0x0000000711f00000|100%| E|CS|TAMS 0x0000000711e00000, 0x0000000711e00000| Complete 
| 241|0x0000000711f00000, 0x0000000712000000, 0x0000000712000000|100%| E|CS|TAMS 0x0000000711f00000, 0x0000000711f00000| Complete 
| 242|0x0000000712000000, 0x0000000712100000, 0x0000000712100000|100%| E|CS|TAMS 0x0000000712000000, 0x0000000712000000| Complete 
| 243|0x0000000712100000, 0x0000000712200000, 0x0000000712200000|100%| E|CS|TAMS 0x0000000712100000, 0x0000000712100000| Complete 
| 244|0x0000000712200000, 0x0000000712300000, 0x0000000712300000|100%| E|CS|TAMS 0x0000000712200000, 0x0000000712200000| Complete 
| 245|0x0000000712300000, 0x0000000712400000, 0x0000000712400000|100%| E|CS|TAMS 0x0000000712300000, 0x0000000712300000| Complete 
| 246|0x0000000712400000, 0x0000000712500000, 0x0000000712500000|100%| E|CS|TAMS 0x0000000712400000, 0x0000000712400000| Complete 
| 247|0x0000000712500000, 0x0000000712600000, 0x0000000712600000|100%| E|CS|TAMS 0x0000000712500000, 0x0000000712500000| Complete 
| 248|0x0000000712600000, 0x0000000712700000, 0x0000000712700000|100%| E|CS|TAMS 0x0000000712600000, 0x0000000712600000| Complete 
| 249|0x0000000712700000, 0x0000000712800000, 0x0000000712800000|100%| E|CS|TAMS 0x0000000712700000, 0x0000000712700000| Complete 
| 250|0x0000000712800000, 0x0000000712900000, 0x0000000712900000|100%| E|CS|TAMS 0x0000000712800000, 0x0000000712800000| Complete 
| 251|0x0000000712900000, 0x0000000712a00000, 0x0000000712a00000|100%| E|CS|TAMS 0x0000000712900000, 0x0000000712900000| Complete 
| 252|0x0000000712a00000, 0x0000000712b00000, 0x0000000712b00000|100%| E|CS|TAMS 0x0000000712a00000, 0x0000000712a00000| Complete 
| 253|0x0000000712b00000, 0x0000000712c00000, 0x0000000712c00000|100%| E|CS|TAMS 0x0000000712b00000, 0x0000000712b00000| Complete 
| 254|0x0000000712c00000, 0x0000000712d00000, 0x0000000712d00000|100%| E|CS|TAMS 0x0000000712c00000, 0x0000000712c00000| Complete 
| 255|0x0000000712d00000, 0x0000000712e00000, 0x0000000712e00000|100%| E|CS|TAMS 0x0000000712d00000, 0x0000000712d00000| Complete 
| 256|0x0000000712e00000, 0x0000000712f00000, 0x0000000712f00000|100%| E|CS|TAMS 0x0000000712e00000, 0x0000000712e00000| Complete 
| 257|0x0000000712f00000, 0x0000000713000000, 0x0000000713000000|100%| E|CS|TAMS 0x0000000712f00000, 0x0000000712f00000| Complete 
| 258|0x0000000713000000, 0x0000000713100000, 0x0000000713100000|100%| E|CS|TAMS 0x0000000713000000, 0x0000000713000000| Complete 
| 259|0x0000000713100000, 0x0000000713200000, 0x0000000713200000|100%| E|CS|TAMS 0x0000000713100000, 0x0000000713100000| Complete 
| 260|0x0000000713200000, 0x0000000713300000, 0x0000000713300000|100%| E|CS|TAMS 0x0000000713200000, 0x0000000713200000| Complete 
| 261|0x0000000713300000, 0x0000000713400000, 0x0000000713400000|100%| E|CS|TAMS 0x0000000713300000, 0x0000000713300000| Complete 
| 262|0x0000000713400000, 0x0000000713500000, 0x0000000713500000|100%| E|CS|TAMS 0x0000000713400000, 0x0000000713400000| Complete 
| 263|0x0000000713500000, 0x0000000713600000, 0x0000000713600000|100%| E|CS|TAMS 0x0000000713500000, 0x0000000713500000| Complete 
| 264|0x0000000713600000, 0x0000000713700000, 0x0000000713700000|100%| E|CS|TAMS 0x0000000713600000, 0x0000000713600000| Complete 
| 265|0x0000000713700000, 0x0000000713800000, 0x0000000713800000|100%| E|CS|TAMS 0x0000000713700000, 0x0000000713700000| Complete 
| 266|0x0000000713800000, 0x0000000713900000, 0x0000000713900000|100%| E|CS|TAMS 0x0000000713800000, 0x0000000713800000| Complete 
| 267|0x0000000713900000, 0x0000000713a00000, 0x0000000713a00000|100%| E|CS|TAMS 0x0000000713900000, 0x0000000713900000| Complete 
| 268|0x0000000713a00000, 0x0000000713b00000, 0x0000000713b00000|100%| E|CS|TAMS 0x0000000713a00000, 0x0000000713a00000| Complete 
| 269|0x0000000713b00000, 0x0000000713c00000, 0x0000000713c00000|100%| E|CS|TAMS 0x0000000713b00000, 0x0000000713b00000| Complete 
| 270|0x0000000713c00000, 0x0000000713d00000, 0x0000000713d00000|100%| E|CS|TAMS 0x0000000713c00000, 0x0000000713c00000| Complete 
| 271|0x0000000713d00000, 0x0000000713e00000, 0x0000000713e00000|100%| E|CS|TAMS 0x0000000713d00000, 0x0000000713d00000| Complete 
| 272|0x0000000713e00000, 0x0000000713f00000, 0x0000000713f00000|100%| E|CS|TAMS 0x0000000713e00000, 0x0000000713e00000| Complete 
| 273|0x0000000713f00000, 0x0000000714000000, 0x0000000714000000|100%| E|CS|TAMS 0x0000000713f00000, 0x0000000713f00000| Complete 
| 274|0x0000000714000000, 0x0000000714100000, 0x0000000714100000|100%| E|CS|TAMS 0x0000000714000000, 0x0000000714000000| Complete 
| 275|0x0000000714100000, 0x0000000714200000, 0x0000000714200000|100%| E|CS|TAMS 0x0000000714100000, 0x0000000714100000| Complete 
| 276|0x0000000714200000, 0x0000000714300000, 0x0000000714300000|100%| E|CS|TAMS 0x0000000714200000, 0x0000000714200000| Complete 
| 277|0x0000000714300000, 0x0000000714400000, 0x0000000714400000|100%| E|CS|TAMS 0x0000000714300000, 0x0000000714300000| Complete 
| 278|0x0000000714400000, 0x0000000714500000, 0x0000000714500000|100%| E|CS|TAMS 0x0000000714400000, 0x0000000714400000| Complete 
| 279|0x0000000714500000, 0x0000000714600000, 0x0000000714600000|100%| E|CS|TAMS 0x0000000714500000, 0x0000000714500000| Complete 
| 280|0x0000000714600000, 0x0000000714700000, 0x0000000714700000|100%| E|CS|TAMS 0x0000000714600000, 0x0000000714600000| Complete 
| 281|0x0000000714700000, 0x0000000714800000, 0x0000000714800000|100%| E|CS|TAMS 0x0000000714700000, 0x0000000714700000| Complete 
| 282|0x0000000714800000, 0x0000000714900000, 0x0000000714900000|100%| E|CS|TAMS 0x0000000714800000, 0x0000000714800000| Complete 
| 283|0x0000000714900000, 0x0000000714a00000, 0x0000000714a00000|100%| E|CS|TAMS 0x0000000714900000, 0x0000000714900000| Complete 
| 284|0x0000000714a00000, 0x0000000714b00000, 0x0000000714b00000|100%| E|CS|TAMS 0x0000000714a00000, 0x0000000714a00000| Complete 
| 285|0x0000000714b00000, 0x0000000714c00000, 0x0000000714c00000|100%| E|CS|TAMS 0x0000000714b00000, 0x0000000714b00000| Complete 
| 286|0x0000000714c00000, 0x0000000714d00000, 0x0000000714d00000|100%| E|CS|TAMS 0x0000000714c00000, 0x0000000714c00000| Complete 
| 287|0x0000000714d00000, 0x0000000714e00000, 0x0000000714e00000|100%| E|CS|TAMS 0x0000000714d00000, 0x0000000714d00000| Complete 
| 288|0x0000000714e00000, 0x0000000714f00000, 0x0000000714f00000|100%| E|CS|TAMS 0x0000000714e00000, 0x0000000714e00000| Complete 
| 289|0x0000000714f00000, 0x0000000715000000, 0x0000000715000000|100%| E|CS|TAMS 0x0000000714f00000, 0x0000000714f00000| Complete 
| 290|0x0000000715000000, 0x0000000715100000, 0x0000000715100000|100%| E|CS|TAMS 0x0000000715000000, 0x0000000715000000| Complete 
| 291|0x0000000715100000, 0x0000000715200000, 0x0000000715200000|100%| E|CS|TAMS 0x0000000715100000, 0x0000000715100000| Complete 
| 292|0x0000000715200000, 0x0000000715300000, 0x0000000715300000|100%| E|CS|TAMS 0x0000000715200000, 0x0000000715200000| Complete 
| 293|0x0000000715300000, 0x0000000715400000, 0x0000000715400000|100%| E|CS|TAMS 0x0000000715300000, 0x0000000715300000| Complete 
| 294|0x0000000715400000, 0x0000000715500000, 0x0000000715500000|100%| E|CS|TAMS 0x0000000715400000, 0x0000000715400000| Complete 
| 295|0x0000000715500000, 0x0000000715600000, 0x0000000715600000|100%| E|CS|TAMS 0x0000000715500000, 0x0000000715500000| Complete 
| 296|0x0000000715600000, 0x0000000715700000, 0x0000000715700000|100%| E|CS|TAMS 0x0000000715600000, 0x0000000715600000| Complete 
| 297|0x0000000715700000, 0x0000000715800000, 0x0000000715800000|100%| E|CS|TAMS 0x0000000715700000, 0x0000000715700000| Complete 
| 298|0x0000000715800000, 0x0000000715900000, 0x0000000715900000|100%| E|CS|TAMS 0x0000000715800000, 0x0000000715800000| Complete 
| 299|0x0000000715900000, 0x0000000715a00000, 0x0000000715a00000|100%| E|CS|TAMS 0x0000000715900000, 0x0000000715900000| Complete 
| 300|0x0000000715a00000, 0x0000000715b00000, 0x0000000715b00000|100%| E|CS|TAMS 0x0000000715a00000, 0x0000000715a00000| Complete 
| 301|0x0000000715b00000, 0x0000000715c00000, 0x0000000715c00000|100%| E|CS|TAMS 0x0000000715b00000, 0x0000000715b00000| Complete 
| 302|0x0000000715c00000, 0x0000000715d00000, 0x0000000715d00000|100%| E|CS|TAMS 0x0000000715c00000, 0x0000000715c00000| Complete 
| 303|0x0000000715d00000, 0x0000000715e00000, 0x0000000715e00000|100%| E|CS|TAMS 0x0000000715d00000, 0x0000000715d00000| Complete 
| 304|0x0000000715e00000, 0x0000000715f00000, 0x0000000715f00000|100%| E|CS|TAMS 0x0000000715e00000, 0x0000000715e00000| Complete 

Card table byte_map: [0x0000014461490000,0x0000014461c80000] _byte_map_base: 0x000001445dc79000

Marking Bits (Prev, Next): (CMBitMap*) 0x00000144496bce10, (CMBitMap*) 0x00000144496bcdd8
 Prev Bits: [0x00000144663c0000, 0x000001446a308000)
 Next Bits: [0x0000014462470000, 0x00000144663b8000)

Polling page: 0x0000014448e20000

Metaspace:

Usage:
  Non-class:     62.27 MB capacity,    61.22 MB ( 98%) used,   836.01 KB (  1%) free+waste,   235.19 KB ( <1%) overhead. 
      Class:      9.19 MB capacity,     8.49 MB ( 92%) used,   602.46 KB (  6%) free+waste,   107.94 KB (  1%) overhead. 
       Both:     71.45 MB capacity,    69.71 MB ( 98%) used,     1.40 MB (  2%) free+waste,   343.13 KB ( <1%) overhead. 

Virtual space:
  Non-class space:       64.00 MB reserved,      62.50 MB ( 98%) committed 
      Class space:        1.00 GB reserved,       9.25 MB ( <1%) committed 
             Both:        1.06 GB reserved,      71.75 MB (  7%) committed 

Chunk freelists:
   Non-Class:  6.00 KB
       Class:  0 bytes
        Both:  6.00 KB

CodeHeap 'non-profiled nmethods': size=120000Kb used=8450Kb max_used=8450Kb free=111549Kb
 bounds [0x0000014459440000, 0x0000014459c90000, 0x0000014460970000]
CodeHeap 'profiled nmethods': size=120000Kb used=19768Kb max_used=19823Kb free=100231Kb
 bounds [0x0000014451f10000, 0x0000014453270000, 0x0000014459440000]
CodeHeap 'non-nmethods': size=5760Kb used=1258Kb max_used=1322Kb free=4501Kb
 bounds [0x0000014451970000, 0x0000014451be0000, 0x0000014451f10000]
 total_blobs=12751 nmethods=8502 adapters=534
 compilation: enabled
              stopped_count=0, restarted_count=0
 full_count=0

Compilation events (10 events):
Event: 837.389 Thread 0x000001446d741800 nmethod 8771 0x0000014459c78b90 code [0x0000014459c78da0, 0x0000014459c798a8]
Event: 837.389 Thread 0x000001446d741800 8778       4       org.springframework.web.servlet.DispatcherServlet::processDispatchResult (159 bytes)
Event: 837.396 Thread 0x00000144749ba800 nmethod 8764 0x0000014459c79f90 code [0x0000014459c7a180, 0x0000014459c7a938]
Event: 837.396 Thread 0x00000144749ba800 8765   !   4       org.apache.catalina.core.StandardWrapperValve::invoke (2665 bytes)
Event: 837.409 Thread 0x000001446d741800 nmethod 8778 0x0000014459c7b110 code [0x0000014459c7b360, 0x0000014459c7be28]
Event: 837.409 Thread 0x000001446d741800 8770       4       org.apache.tomcat.websocket.server.WsFilter::doFilter (139 bytes)
Event: 837.411 Thread 0x000001446d741800 nmethod 8770 0x0000014459c7c690 code [0x0000014459c7c840, 0x0000014459c7c948]
Event: 837.411 Thread 0x000001446d741800 8779       4       org.springframework.orm.jpa.support.OpenEntityManagerInViewInterceptor::decrementParticipateCount (61 bytes)
Event: 837.421 Thread 0x000001447340d800 nmethod 8769 0x0000014459c7cb10 code [0x0000014459c7ce00, 0x0000014459c7e490]
Event: 837.422 Thread 0x000001447340d800 8781       4       org.apache.coyote.http11.Http11InputBuffer$SocketInputBuffer::doRead (111 bytes)

GC Heap History (10 events):
Event: 5.960 GC heap before
{Heap before GC invocations=8 (full 0):
 garbage-first heap   total 312320K, used 36111K [0x0000000702e00000, 0x0000000800000000)
  region size 1024K, 31 young (31744K), 14 survivors (14336K)
 Metaspace       used 58830K, capacity 60103K, committed 60160K, reserved 1101824K
  class space    used 7362K, capacity 7879K, committed 7936K, reserved 1048576K
}
Event: 5.979 GC heap after
{Heap after GC invocations=9 (full 0):
 garbage-first heap   total 312320K, used 20477K [0x0000000702e00000, 0x0000000800000000)
  region size 1024K, 13 young (13312K), 13 survivors (13312K)
 Metaspace       used 58830K, capacity 60103K, committed 60160K, reserved 1101824K
  class space    used 7362K, capacity 7879K, committed 7936K, reserved 1048576K
}
Event: 825.400 GC heap before
{Heap before GC invocations=10 (full 0):
 garbage-first heap   total 312320K, used 194557K [0x0000000702e00000, 0x0000000800000000)
  region size 1024K, 183 young (187392K), 13 survivors (13312K)
 Metaspace       used 71331K, capacity 73104K, committed 73216K, reserved 1114112K
  class space    used 8692K, capacity 9408K, committed 9472K, reserved 1048576K
}
Event: 825.413 GC heap after
{Heap after GC invocations=11 (full 0):
 garbage-first heap   total 312320K, used 25530K [0x0000000702e00000, 0x0000000800000000)
  region size 1024K, 17 young (17408K), 17 survivors (17408K)
 Metaspace       used 71331K, capacity 73104K, committed 73216K, reserved 1114112K
  class space    used 8692K, capacity 9408K, committed 9472K, reserved 1048576K
}
Event: 829.601 GC heap before
{Heap before GC invocations=11 (full 0):
 garbage-first heap   total 312320K, used 195514K [0x0000000702e00000, 0x0000000800000000)
  region size 1024K, 183 young (187392K), 17 survivors (17408K)
 Metaspace       used 71356K, capacity 73104K, committed 73216K, reserved 1114112K
  class space    used 8695K, capacity 9408K, committed 9472K, reserved 1048576K
}
Event: 829.611 GC heap after
{Heap after GC invocations=12 (full 0):
 garbage-first heap   total 312320K, used 25105K [0x0000000702e00000, 0x0000000800000000)
  region size 1024K, 12 young (12288K), 12 survivors (12288K)
 Metaspace       used 71356K, capacity 73104K, committed 73216K, reserved 1114112K
  class space    used 8695K, capacity 9408K, committed 9472K, reserved 1048576K
}
Event: 832.662 GC heap before
{Heap before GC invocations=12 (full 0):
 garbage-first heap   total 312320K, used 200209K [0x0000000702e00000, 0x0000000800000000)
  region size 1024K, 183 young (187392K), 12 survivors (12288K)
 Metaspace       used 71377K, capacity 73168K, committed 73472K, reserved 1114112K
  class space    used 8695K, capacity 9408K, committed 9472K, reserved 1048576K
}
Event: 832.669 GC heap after
{Heap after GC invocations=13 (full 0):
 garbage-first heap   total 312320K, used 25404K [0x0000000702e00000, 0x0000000800000000)
  region size 1024K, 13 young (13312K), 13 survivors (13312K)
 Metaspace       used 71377K, capacity 73168K, committed 73472K, reserved 1114112K
  class space    used 8695K, capacity 9408K, committed 9472K, reserved 1048576K
}
Event: 835.870 GC heap before
{Heap before GC invocations=13 (full 0):
 garbage-first heap   total 312320K, used 199484K [0x0000000702e00000, 0x0000000800000000)
  region size 1024K, 183 young (187392K), 13 survivors (13312K)
 Metaspace       used 71382K, capacity 73168K, committed 73472K, reserved 1114112K
  class space    used 8696K, capacity 9408K, committed 9472K, reserved 1048576K
}
Event: 835.879 GC heap after
{Heap after GC invocations=14 (full 0):
 garbage-first heap   total 312320K, used 25676K [0x0000000702e00000, 0x0000000800000000)
  region size 1024K, 13 young (13312K), 13 survivors (13312K)
 Metaspace       used 71382K, capacity 73168K, committed 73472K, reserved 1114112K
  class space    used 8696K, capacity 9408K, committed 9472K, reserved 1048576K
}

Deoptimization events (10 events):
Event: 833.246 Thread 0x0000014472695000 Uncommon trap: reason=profile_predicate action=maybe_recompile pc=0x0000014459bd1920 method=java.util.concurrent.ConcurrentHashMap$Traverser.advance()Ljava/util/concurrent/ConcurrentHashMap$Node; @ 15 c2
Event: 833.247 Thread 0x0000014473c3e800 Uncommon trap: reason=profile_predicate action=maybe_recompile pc=0x0000014459bd1920 method=java.util.concurrent.ConcurrentHashMap$Traverser.advance()Ljava/util/concurrent/ConcurrentHashMap$Node; @ 15 c2
Event: 833.249 Thread 0x0000014471cbe000 Uncommon trap: reason=profile_predicate action=maybe_recompile pc=0x0000014459bd1920 method=java.util.concurrent.ConcurrentHashMap$Traverser.advance()Ljava/util/concurrent/ConcurrentHashMap$Node; @ 15 c2
Event: 833.250 Thread 0x0000014473a09800 Uncommon trap: reason=profile_predicate action=maybe_recompile pc=0x0000014459bd1920 method=java.util.concurrent.ConcurrentHashMap$Traverser.advance()Ljava/util/concurrent/ConcurrentHashMap$Node; @ 15 c2
Event: 833.994 Thread 0x000001446f200000 Uncommon trap: reason=profile_predicate action=maybe_recompile pc=0x00000144598f1678 method=java.util.TreeMap.put(Ljava/lang/Object;Ljava/lang/Object;)Ljava/lang/Object; @ 55 c2
Event: 835.105 Thread 0x0000014471cba000 Uncommon trap: reason=speculate_null_check action=make_not_entrant pc=0x00000144594f8e54 method=org.springframework.util.Assert.notNull(Ljava/lang/Object;Ljava/lang/String;)V @ 1 c2
Event: 836.478 Thread 0x0000014471cbb800 Uncommon trap: reason=array_check action=maybe_recompile pc=0x0000014459c53608 method=com.zaxxer.hikari.util.FastList.add(Ljava/lang/Object;)Z @ 28 c2
Event: 836.483 Thread 0x0000014471cbe000 Uncommon trap: reason=array_check action=maybe_recompile pc=0x0000014459c53608 method=com.zaxxer.hikari.util.FastList.add(Ljava/lang/Object;)Z @ 28 c2
Event: 836.484 Thread 0x0000014473a09800 Uncommon trap: reason=array_check action=maybe_recompile pc=0x0000014459c53608 method=com.zaxxer.hikari.util.FastList.add(Ljava/lang/Object;)Z @ 28 c2
Event: 836.484 Thread 0x0000014473c3e800 Uncommon trap: reason=array_check action=maybe_recompile pc=0x0000014459c53608 method=com.zaxxer.hikari.util.FastList.add(Ljava/lang/Object;)Z @ 28 c2

Classes redefined (0 events):
No events

Internal exceptions (10 events):
Event: 821.775 Thread 0x0000014472695000 Exception <a 'java/lang/reflect/InvocationTargetException'{0x00000007106a6790}> (0x00000007106a6790) thrown at [t:/workspace/open/src/hotspot/share/runtime/reflection.cpp, line 1242]
Event: 821.781 Thread 0x0000014473c3e800 Exception <a 'java/lang/reflect/InvocationTargetException'{0x0000000710763030}> (0x0000000710763030) thrown at [t:/workspace/open/src/hotspot/share/runtime/reflection.cpp, line 1242]
Event: 821.782 Thread 0x0000014471cbb800 Exception <a 'java/lang/reflect/InvocationTargetException'{0x00000007125d1928}> (0x00000007125d1928) thrown at [t:/workspace/open/src/hotspot/share/runtime/reflection.cpp, line 1242]
Event: 821.783 Thread 0x0000014471cbe000 Exception <a 'java/lang/reflect/InvocationTargetException'{0x0000000712633810}> (0x0000000712633810) thrown at [t:/workspace/open/src/hotspot/share/runtime/reflection.cpp, line 1242]
Event: 826.533 Thread 0x0000014471cba000 Implicit null exception at 0x0000014459a07a29 to 0x0000014459a07d96
Event: 826.597 Thread 0x0000014471cb9000 Implicit null exception at 0x0000014459a10db1 to 0x0000014459a11192
Event: 833.246 Thread 0x0000014472695000 Implicit null exception at 0x0000014459bd16a9 to 0x0000014459bd190a
Event: 833.247 Thread 0x0000014473c3e800 Implicit null exception at 0x0000014459bd16a9 to 0x0000014459bd190a
Event: 833.249 Thread 0x0000014471cbe000 Implicit null exception at 0x0000014459bd16a9 to 0x0000014459bd190a
Event: 833.250 Thread 0x0000014473a09800 Implicit null exception at 0x0000014459bd16a9 to 0x0000014459bd190a

Events (10 events):
Event: 836.484 Thread 0x0000014473a09800 DEOPT UNPACKING pc=0x00000144519991af sp=0x000000060b5fcea8 mode 2
Event: 836.484 Thread 0x0000014473c3e800 Uncommon trap: trap_request=0xffffffd6 fr.pc=0x0000014459c53608 relative=0x0000000000000168
Event: 836.484 Thread 0x0000014473c3e800 DEOPT PACKING pc=0x0000014459c53608 sp=0x000000060b6fcf20
Event: 836.484 Thread 0x0000014473c3e800 DEOPT UNPACKING pc=0x00000144519991af sp=0x000000060b6fceb8 mode 2
Event: 836.501 loading class org/springframework/web/util/UriComponentsBuilder$1
Event: 836.501 loading class org/springframework/web/util/UriComponentsBuilder$1 done
Event: 837.032 loading class org/apache/tomcat/util/net/SSLSupport
Event: 837.032 loading class org/apache/tomcat/util/net/SSLSupport done
Event: 837.293 Thread 0x000001447340d800 Thread exited: 0x000001447340d800
Event: 837.366 Thread 0x000001447340d800 Thread added: 0x000001447340d800


Dynamic libraries:
0x00007ff7425e0000 - 0x00007ff742625000 	C:\Open JKD -11\bin\javaw.exe
0x00007ff9a3b60000 - 0x00007ff9a3d69000 	C:\WINDOWS\SYSTEM32\ntdll.dll
0x00007ff9a2080000 - 0x00007ff9a213d000 	C:\WINDOWS\System32\KERNEL32.DLL
0x00007ff9a15b0000 - 0x00007ff9a192c000 	C:\WINDOWS\System32\KERNELBASE.dll
0x00007ff9a1a80000 - 0x00007ff9a1c2d000 	C:\WINDOWS\System32\USER32.dll
0x00007ff9a1160000 - 0x00007ff9a1186000 	C:\WINDOWS\System32\win32u.dll
0x00007ff9a1a50000 - 0x00007ff9a1a79000 	C:\WINDOWS\System32\GDI32.dll
0x00007ff9a1300000 - 0x00007ff9a1419000 	C:\WINDOWS\System32\gdi32full.dll
0x00007ff9a1510000 - 0x00007ff9a15ad000 	C:\WINDOWS\System32\msvcp_win.dll
0x00007ff9a1040000 - 0x00007ff9a1151000 	C:\WINDOWS\System32\ucrtbase.dll
0x00007ff97a870000 - 0x00007ff97ab15000 	C:\WINDOWS\WinSxS\amd64_microsoft.windows.common-controls_6595b64144ccf1df_6.0.22000.120_none_9d947278b86cc467\COMCTL32.dll
0x00007ff9a2450000 - 0x00007ff9a24f3000 	C:\WINDOWS\System32\msvcrt.dll
0x00007ff9a2410000 - 0x00007ff9a2441000 	C:\WINDOWS\System32\IMM32.DLL
0x00007ff988cc0000 - 0x00007ff988cd6000 	C:\Open JKD -11\bin\vcruntime140.dll
0x00007ff961330000 - 0x00007ff9613da000 	C:\Open JKD -11\bin\msvcp140.dll
0x00007ff8f6300000 - 0x00007ff8f6e41000 	C:\Open JKD -11\bin\server\jvm.dll
0x00007ff9a2360000 - 0x00007ff9a240e000 	C:\WINDOWS\System32\ADVAPI32.dll
0x00007ff9a3480000 - 0x00007ff9a351e000 	C:\WINDOWS\System32\sechost.dll
0x00007ff9a25f0000 - 0x00007ff9a2710000 	C:\WINDOWS\System32\RPCRT4.dll
0x00007ff9a3380000 - 0x00007ff9a3388000 	C:\WINDOWS\System32\PSAPI.DLL
0x00007ff98f940000 - 0x00007ff98f94a000 	C:\WINDOWS\SYSTEM32\VERSION.dll
0x00007ff97b080000 - 0x00007ff97b089000 	C:\WINDOWS\SYSTEM32\WSOCK32.dll
0x00007ff994a50000 - 0x00007ff994a83000 	C:\WINDOWS\SYSTEM32\WINMM.dll
0x00007ff9a2560000 - 0x00007ff9a25cf000 	C:\WINDOWS\System32\WS2_32.dll
0x00007ff9a0020000 - 0x00007ff9a0038000 	C:\WINDOWS\SYSTEM32\kernel.appcore.dll
0x00007ff914540000 - 0x00007ff914551000 	C:\Open JKD -11\bin\verify.dll
0x00007ff99bb90000 - 0x00007ff99bdb1000 	C:\WINDOWS\SYSTEM32\DBGHELP.DLL
0x00007ff985c00000 - 0x00007ff985c31000 	C:\WINDOWS\SYSTEM32\dbgcore.DLL
0x00007ff9a1420000 - 0x00007ff9a149f000 	C:\WINDOWS\System32\bcryptPrimitives.dll
0x00007ff914510000 - 0x00007ff914538000 	C:\Open JKD -11\bin\java.dll
0x00007ff9144f0000 - 0x00007ff914506000 	C:\Open JKD -11\bin\zip.dll
0x00007ff944910000 - 0x00007ff94491a000 	C:\Open JKD -11\bin\jimage.dll
0x00007ff9a2710000 - 0x00007ff9a2ec8000 	C:\WINDOWS\System32\SHELL32.dll
0x00007ff99f180000 - 0x00007ff99f9e8000 	C:\WINDOWS\SYSTEM32\windows.storage.dll
0x00007ff9a1d00000 - 0x00007ff9a2079000 	C:\WINDOWS\System32\combase.dll
0x00007ff99ef60000 - 0x00007ff99f0c6000 	C:\WINDOWS\SYSTEM32\wintypes.dll
0x00007ff9a3390000 - 0x00007ff9a347a000 	C:\WINDOWS\System32\SHCORE.dll
0x00007ff9a30a0000 - 0x00007ff9a30fd000 	C:\WINDOWS\System32\shlwapi.dll
0x00007ff9a0f70000 - 0x00007ff9a0f91000 	C:\WINDOWS\SYSTEM32\profapi.dll
0x00007ff903d30000 - 0x00007ff903d49000 	C:\Open JKD -11\bin\net.dll
0x00007ff9a0040000 - 0x00007ff9a014c000 	C:\WINDOWS\SYSTEM32\WINHTTP.dll
0x00007ff9a0560000 - 0x00007ff9a05c7000 	C:\WINDOWS\system32\mswsock.dll
0x00007ff8f97e0000 - 0x00007ff8f97f3000 	C:\Open JKD -11\bin\nio.dll
0x00007ff999820000 - 0x00007ff999829000 	C:\Open JKD -11\bin\management.dll
0x00007ff994b50000 - 0x00007ff994b5c000 	C:\Open JKD -11\bin\management_ext.dll
0x00007ff971e10000 - 0x00007ff971e27000 	C:\WINDOWS\system32\napinsp.dll
0x00007ff971df0000 - 0x00007ff971e0b000 	C:\WINDOWS\system32\pnrpnsp.dll
0x00007ff99fb70000 - 0x00007ff99fc58000 	C:\WINDOWS\SYSTEM32\DNSAPI.dll
0x00007ff99fb40000 - 0x00007ff99fb6d000 	C:\WINDOWS\SYSTEM32\IPHLPAPI.DLL
0x00007ff9a2ed0000 - 0x00007ff9a2ed9000 	C:\WINDOWS\System32\NSI.dll
0x00007ff971af0000 - 0x00007ff971b02000 	C:\WINDOWS\System32\winrnr.dll
0x00007ff98f690000 - 0x00007ff98f6a5000 	C:\WINDOWS\system32\wshbth.dll
0x00007ff971ab0000 - 0x00007ff971acf000 	C:\WINDOWS\system32\nlansp_c.dll
0x00007ff98fa70000 - 0x00007ff98fa7a000 	C:\Windows\System32\rasadhlp.dll
0x00007ff9963b0000 - 0x00007ff996431000 	C:\WINDOWS\System32\fwpuclnt.dll
0x00007ff9a07a0000 - 0x00007ff9a07b8000 	C:\WINDOWS\SYSTEM32\CRYPTSP.dll
0x00007ff99ff80000 - 0x00007ff99ffb5000 	C:\WINDOWS\system32\rsaenh.dll
0x00007ff9a0650000 - 0x00007ff9a0679000 	C:\WINDOWS\SYSTEM32\USERENV.dll
0x00007ff9a09a0000 - 0x00007ff9a09c7000 	C:\WINDOWS\SYSTEM32\bcrypt.dll
0x00007ff9a07c0000 - 0x00007ff9a07cc000 	C:\WINDOWS\SYSTEM32\CRYPTBASE.dll
0x00007ff994a20000 - 0x00007ff994a39000 	C:\WINDOWS\SYSTEM32\dhcpcsvc6.DLL
0x00007ff994eb0000 - 0x00007ff994ece000 	C:\WINDOWS\SYSTEM32\dhcpcsvc.DLL
0x00007ff99af70000 - 0x00007ff99af7d000 	C:\Open JKD -11\bin\sunmscapi.dll
0x00007ff9a1190000 - 0x00007ff9a12f2000 	C:\WINDOWS\System32\CRYPT32.dll
0x00007ff9a0970000 - 0x00007ff9a0998000 	C:\WINDOWS\SYSTEM32\ncrypt.dll
0x00007ff9a0930000 - 0x00007ff9a0967000 	C:\WINDOWS\SYSTEM32\NTASN1.dll
0x00007ff993610000 - 0x00007ff993637000 	C:\Open JKD -11\bin\sunec.dll

dbghelp: loaded successfully - version: 4.0.5 - missing functions: none
symbol engine: initialized successfully - sym options: 0x614 - pdb path: .;C:\Open JKD -11\bin;C:\WINDOWS\SYSTEM32;C:\WINDOWS\WinSxS\amd64_microsoft.windows.common-controls_6595b64144ccf1df_6.0.22000.120_none_9d947278b86cc467;C:\Open JKD -11\bin\server

VM Arguments:
jvm_args: -Dfile.encoding=UTF-8 
java_command: com.nagarro.training.ProductCatalog.App
java_class_path (initial): C:\Users\sujaypaul\Desktop\Assignments\sujay-paul\Exit_test\Exit_test_backend\target\classes;C:\Users\sujaypaul\.m2\repository\org\springframework\boot\spring-boot-starter\2.6.4\spring-boot-starter-2.6.4.jar;C:\Users\sujaypaul\.m2\repository\org\springframework\boot\spring-boot\2.6.4\spring-boot-2.6.4.jar;C:\Users\sujaypaul\.m2\repository\org\springframework\boot\spring-boot-autoconfigure\2.6.4\spring-boot-autoconfigure-2.6.4.jar;C:\Users\sujaypaul\.m2\repository\org\springframework\boot\spring-boot-starter-logging\2.6.4\spring-boot-starter-logging-2.6.4.jar;C:\Users\sujaypaul\.m2\repository\ch\qos\logback\logback-classic\1.2.10\logback-classic-1.2.10.jar;C:\Users\sujaypaul\.m2\repository\ch\qos\logback\logback-core\1.2.10\logback-core-1.2.10.jar;C:\Users\sujaypaul\.m2\repository\org\apache\logging\log4j\log4j-to-slf4j\2.17.1\log4j-to-slf4j-2.17.1.jar;C:\Users\sujaypaul\.m2\repository\org\apache\logging\log4j\log4j-api\2.17.1\log4j-api-2.17.1.jar;C:\Users\sujaypaul\.m2\repository\org\slf4j\jul-to-slf4j\1.7.36\jul-to-slf4j-1.7.36.jar;C:\Users\sujaypaul\.m2\repository\jakarta\annotation\jakarta.annotation-api\1.3.5\jakarta.annotation-api-1.3.5.jar;C:\Users\sujaypaul\.m2\repository\org\yaml\snakeyaml\1.29\snakeyaml-1.29.jar;C:\Users\sujaypaul\.m2\repository\org\slf4j\slf4j-api\1.7.36\slf4j-api-1.7.36.jar;C:\Users\sujaypaul\.m2\repository\jakarta\xml\bind\jakarta.xml.bind-api\2.3.3\jakarta.xml.bind-api-2.3.3.jar;C:\Users\sujaypaul\.m2\repository\jakarta\activation\jakarta.activation-api\1.2.2\jakarta.activation-api-1.2.2.jar;C:\Users\sujaypaul\.m2\repository\net\bytebuddy\byte-buddy\1.11.22\byte-buddy-1.11.22.jar;C:\Users\sujaypaul\.m2\repository\org\springframework\spring-core\5.3.16\spring-core-5.3.16.jar;C:\Users\sujaypaul\.m2\repository\org\springframework\spring-jcl\5.3.16\spring-jcl-5.3.16.jar;C:\Users\sujaypaul\.m2\repository\org\springframework\boot\spring-boot-starter-web\2.6.4\spring-boot-starter-web-2.6.4.jar;C:\Users\sujaypaul\.m
Launcher Type: SUN_STANDARD

[Global flags]
     intx CICompilerCount                          = 4                                         {product} {ergonomic}
     uint ConcGCThreads                            = 2                                         {product} {ergonomic}
     uint G1ConcRefinementThreads                  = 8                                         {product} {ergonomic}
   size_t G1HeapRegionSize                         = 1048576                                   {product} {ergonomic}
    uintx GCDrainStackTargetSize                   = 64                                        {product} {ergonomic}
   size_t InitialHeapSize                          = 266338304                                 {product} {ergonomic}
   size_t MarkStackSize                            = 4194304                                   {product} {ergonomic}
   size_t MaxHeapSize                              = 4246732800                                {product} {ergonomic}
   size_t MaxNewSize                               = 2548039680                                {product} {ergonomic}
   size_t MinHeapDeltaBytes                        = 1048576                                   {product} {ergonomic}
    uintx NonNMethodCodeHeapSize                   = 5835340                                {pd product} {ergonomic}
    uintx NonProfiledCodeHeapSize                  = 122911450                              {pd product} {ergonomic}
    uintx ProfiledCodeHeapSize                     = 122911450                              {pd product} {ergonomic}
    uintx ReservedCodeCacheSize                    = 251658240                              {pd product} {ergonomic}
     bool SegmentedCodeCache                       = true                                      {product} {ergonomic}
     bool UseCompressedClassPointers               = true                                 {lp64_product} {ergonomic}
     bool UseCompressedOops                        = true                                 {lp64_product} {ergonomic}
     bool UseG1GC                                  = true                                      {product} {ergonomic}
     bool UseLargePagesIndividualAllocation        = false                                  {pd product} {ergonomic}

Logging:
Log output configuration:
 #0: stdout all=warning uptime,level,tags
 #1: stderr all=off uptime,level,tags

Environment Variables:
JAVA_HOME=C:\Open JKD -11
PATH=C:/Open JKD -11/bin/server;C:/Open JKD -11/bin;C:\Windows\system32;C:\Windows;C:\Windows\System32\Wbem;C:\Windows\System32\WindowsPowerShell\v1.0\;C:\Windows\System32\OpenSSH\;C:\Program Files\TortoiseSVN\bin;C:\Program Files\dotnet\;C:\Open JKD -11\bin;C:\Program Files\Microsoft SQL Server\130\Tools\Binn\;C:\Program Files\Git\cmd;C:\Program Files\nodejs\;C:\Program Files (x86)\Microsoft SQL Server\150\DTS\Binn\;C:\Program Files\Azure Data Studio\bin;C:\Program Files (x86)\Microsoft SQL Server\140\Tools\Binn\;C:\Program Files\Microsoft SQL Server\140\Tools\Binn\;C:\Program Files (x86)\Microsoft SQL Server\140\DTS\Binn\;C:\Program Files\Microsoft SQL Server\140\DTS\Binn\;C:\Program Files\Microsoft SQL Server\Client SDK\ODBC\130\Tools\Binn\;C:\.Net & Java Software\Extracted\apache-maven-3.6.3-bin\apache-maven-3.6.3\bin;C:\sonarqube-9.5.0.56709\bin\windows-x86-64;;C:\WINDOWS\system32;C:\WINDOWS;C:\WINDOWS\System32\Wbem;C:\WINDOWS\System32\WindowsPowerShell\v1.0\;C:\WINDOWS\System32\OpenSSH\;C:\Program Files\RedHat\java-11-openjdk-11.0.5-2\bin;C:\Users\sujaypaul\AppData\Local\Microsoft\WindowsApps;C:\Users\sujaypaul\.dotnet\tools;C:\Users\sujaypaul\AppData\Roaming\npm;C:\Program Files\Azure Data Studio\bin;C:\Users\sujaypaul\AppData\Local\Programs\Microsoft VS Code\bin;C:\Program Files (x86)\Brackets\;C:\apache-ant-1.10.12-bin\apache-ant-1.10.12\bin;;C:\.Net & Java Software\Extracted\eclipse-jee-photon-R-win32-x86_64\eclipse;
USERNAME=sujaypaul
OS=Windows_NT
PROCESSOR_IDENTIFIER=Intel64 Family 6 Model 142 Stepping 12, GenuineIntel



---------------  S Y S T E M  ---------------

OS: Windows 10 , 64 bit Build 22000 (10.0.22000.708)

CPU:total 8 (initial active 8) (4 cores per cpu, 2 threads per core) family 6 model 142 stepping 12, cmov, cx8, fxsr, mmx, sse, sse2, sse3, ssse3, sse4.1, sse4.2, popcnt, avx, avx2, aes, clmul, erms, 3dnowpref, lzcnt, ht, tsc, tscinvbit, bmi1, bmi2, adx, fma

Memory: 4k page, system-wide physical 16198M (3461M free)
TotalPageFile size 33747M (AvailPageFile size 3M)
current process WorkingSet (physical memory assigned to process): 420M, peak: 450M
current process commit charge ("private bytes"): 552M, peak: 587M

vm_info: OpenJDK 64-Bit Server VM (11.0.1+13) for windows-amd64 JRE (11.0.1+13), built on Oct  6 2018 13:18:13 by "mach5one" with MS VC++ 15.5 (VS2017)

END.
